[31336:13816:0304/153818.695:WARNING:chrome_main_delegate.cc(745)] This is Chrome version 128.0.6613.138 (not a warning)
[31336:36112:0304/153818.785:ERROR:google_update_settings.cc(265)] Failed opening key Software\Chromium to set usagestats; result: 5
[31336:13816:0304/153818.840:WARNING:account_consistency_mode_manager.cc(77)] Desktop Identity Consistency cannot be enabled as no OAuth client ID and client secret have been configured.
[31336:36112:0304/153821.423:WARNING:leveldb_database.cc(141)] Unable to open C:\Users\Max\Documents\GitHub\Max-sUnrealEngineProj\Saved\webcache_6613_2\Default\shared_proto_db\metadata: IO error: C:\Users\Max\Documents\GitHub\Max-sUnrealEngineProj\Saved\webcache_6613_2\Default\shared_proto_db\metadata/MANIFEST-000001: Unable to create sequential file (ChromeMethodBFE: 7::NewSequentialFile::1)
[31336:36112:0304/153821.426:WARNING:leveldb_database.cc(141)] Unable to open C:\Users\Max\Documents\GitHub\Max-sUnrealEngineProj\Saved\webcache_6613_2\Default\shared_proto_db\metadata: IO error: C:\Users\Max\Documents\GitHub\Max-sUnrealEngineProj\Saved\webcache_6613_2\Default\shared_proto_db\metadata/MANIFEST-000001: Unable to create sequential file (ChromeMethodBFE: 7::NewSequentialFile::1)
[31336:36112:0304/153821.429:WARNING:leveldb_database.cc(141)] Unable to open C:\Users\Max\Documents\GitHub\Max-sUnrealEngineProj\Saved\webcache_6613_2\Default\shared_proto_db\metadata: IO error: C:\Users\Max\Documents\GitHub\Max-sUnrealEngineProj\Saved\webcache_6613_2\Default\shared_proto_db\metadata/MANIFEST-000001: Unable to create sequential file (ChromeMethodBFE: 7::NewSequentialFile::1)
[31336:36112:0304/153821.432:WARNING:leveldb_database.cc(141)] Unable to open C:\Users\Max\Documents\GitHub\Max-sUnrealEngineProj\Saved\webcache_6613_2\Default\shared_proto_db\metadata: IO error: C:\Users\Max\Documents\GitHub\Max-sUnrealEngineProj\Saved\webcache_6613_2\Default\shared_proto_db\metadata/MANIFEST-000001: Unable to create sequential file (ChromeMethodBFE: 7::NewSequentialFile::1)
[31336:17076:0304/153822.440:WARNING:value_store_frontend.cc(47)] Reading ahfgeienlihckogmohjhadlkjgocpleb.alarms from  failed: IO error: .../MANIFEST-000001: Unable to create sequential file (ChromeMethodBFE: 7::NewSequentialFile::1)
[31336:17076:0304/153822.442:WARNING:value_store_frontend.cc(47)] Reading mhjfbmdgcfjbbpaeojofohoefgiehjai.alarms from  failed: IO error: .../MANIFEST-000001: Unable to create sequential file (ChromeMethodBFE: 7::NewSequentialFile::1)
[27128:37120:0304/153823.435:WARNING:frame_impl.cc(430)] virtual CefFrameImpl::SendProcessMessage sent to detached frame 5-52360CC36ED60ECC7652A9122F0E9BB1 will be ignored
[31336:25708:0304/153828.543:WARNING:leveldb_database.cc(141)] Unable to open C:\Users\Max\Documents\GitHub\Max-sUnrealEngineProj\Saved\webcache_6613_2\Default\GCM Store\Encryption: IO error: C:\Users\Max\Documents\GitHub\Max-sUnrealEngineProj\Saved\webcache_6613_2\Default\GCM Store\Encryption/MANIFEST-000001: Unable to create sequential file (ChromeMethodBFE: 7::NewSequentialFile::1)
[31336:13816:0304/160248.594:ERROR:device_event_log_impl.cc(196)] [16:02:48.578] USB: usb_service_win.cc:105 SetupDiGetDeviceProperty({{A45C254E-DF1C-4EFD-8020-67D146A850E0}, 6}) failed: Element not found. (0x490)
[31336:13816:0304/174714.935:ERROR:device_event_log_impl.cc(196)] [17:47:14.642] USB: usb_service_win.cc:105 SetupDiGetDeviceProperty({{A45C254E-DF1C-4EFD-8020-67D146A850E0}, 6}) failed: Element not found. (0x490)
[31336:36112:0304/181322.883:WARNING:dns_config_service_win.cc(605)] Failed to read DnsConfig.
[22456:4420:0304/181322.887:WARNING:dns_config_service_win.cc(605)] Failed to read DnsConfig.
[31336:36112:0304/181322.908:WARNING:dns_config_service_win.cc(605)] Failed to read DnsConfig.
[22456:4420:0304/181322.910:WARNING:dns_config_service_win.cc(605)] Failed to read DnsConfig.
[22456:6060:0304/181322.924:WARNING:dns_config_service_win.cc(605)] Failed to read DnsConfig.
[31336:36112:0304/181322.925:WARNING:dns_config_service_win.cc(605)] Failed to read DnsConfig.
[31336:13816:0304/192037.084:WARNING:pref_notifier_impl.cc(41)] Pref observer for media_router.cast_allow_all_ips found at shutdown.
