[+] Containers:
 |- [+] Container: /Game/ThirdPerson/Maps/ThirdPersonMap
 |   |- [+] ActorDescs:
 |   |   |- Guid:2049BD8141FEFDDF323EFEBB45EFF8A8 NativeClass:/Script/Landscape.LandscapeStreamingProxy Name:LandscapeStreamingProxy_4MGFAMPQINMITSKLCKSZ2N9UU_60_0_1_0 Label:LandscapeStreamingProxy_0_1_0 SpatiallyLoaded:true EditorBounds:IsValid=true, Min=(X=-12000.000 Y=-6000.000 Z=-100.000), Max=(X=-6000.000 Y=0.000 Z=100.000) RuntimeBounds:IsValid=true, Min=(X=-12000.000 Y=-6000.000 Z=-100.000), Max=(X=-6000.000 Y=0.000 Z=100.000) RuntimeGrid:None EditorOnly:false RuntimeOnly:false HLODRelevant:true ListedInSceneOutliner:true IsMainWorldOnly:false
 |   |   |- Guid:25A44080402C6C90F537CDB40C7FB412 NativeClass:/Script/Landscape.LandscapeStreamingProxy Name:LandscapeStreamingProxy_4MGFAMPQINMITSKLCKSZ2N9UU_60_1_1_0 Label:LandscapeStreamingProxy_1_1_0 SpatiallyLoaded:true EditorBounds:IsValid=true, Min=(X=-6000.000 Y=-6000.000 Z=-100.000), Max=(X=0.000 Y=0.000 Z=100.000) RuntimeBounds:IsValid=true, Min=(X=-6000.000 Y=-6000.000 Z=-100.000), Max=(X=0.000 Y=0.000 Z=100.000) RuntimeGrid:None EditorOnly:false RuntimeOnly:false HLODRelevant:true ListedInSceneOutliner:true IsMainWorldOnly:false
 |   |   |- Guid:2C043CB74887F8AAA15335B2ED205152 NativeClass:/Script/Landscape.LandscapeStreamingProxy Name:LandscapeStreamingProxy_4MGFAMPQINMITSKLCKSZ2N9UU_60_1_2_0 Label:LandscapeStreamingProxy_1_2_0 SpatiallyLoaded:true EditorBounds:IsValid=true, Min=(X=-6000.000 Y=0.000 Z=-100.000), Max=(X=0.000 Y=6000.000 Z=100.000) RuntimeBounds:IsValid=true, Min=(X=-6000.000 Y=0.000 Z=-100.000), Max=(X=0.000 Y=6000.000 Z=100.000) RuntimeGrid:None EditorOnly:false RuntimeOnly:false HLODRelevant:true ListedInSceneOutliner:true IsMainWorldOnly:false
 |   |   |- Guid:2FB58999456391D349DC0F86DAC136ED NativeClass:/Script/Engine.SkyLight Name:SkyLight_1 Label:SkyLight SpatiallyLoaded:false EditorBounds:IsValid=true, Min=(X=0.000 Y=0.000 Z=690.000), Max=(X=0.000 Y=0.000 Z=690.000) RuntimeBounds:IsValid=true, Min=(X=0.000 Y=0.000 Z=690.000), Max=(X=0.000 Y=0.000 Z=690.000) RuntimeGrid:None EditorOnly:false RuntimeOnly:false HLODRelevant:false ListedInSceneOutliner:true IsMainWorldOnly:false FolderPath:Lighting FolderGuid:963EC3EB4002CCE9759E2EBA541A873A
 |   |   |- Guid:316CF2A6494ACA4C0E4180A87D36AB8F NativeClass:/Script/Engine.ExponentialHeightFog Name:ExponentialHeightFog_0 Label:ExponentialHeightFog SpatiallyLoaded:false EditorBounds:IsValid=true, Min=(X=-5600.000 Y=-50.000 Z=-6850.000), Max=(X=-5600.000 Y=-50.000 Z=-6850.000) RuntimeBounds:IsValid=true, Min=(X=-5600.000 Y=-50.000 Z=-6850.000), Max=(X=-5600.000 Y=-50.000 Z=-6850.000) RuntimeGrid:None EditorOnly:false RuntimeOnly:false HLODRelevant:false ListedInSceneOutliner:true IsMainWorldOnly:false FolderPath:Lighting FolderGuid:963EC3EB4002CCE9759E2EBA541A873A
 |   |   |- Guid:32A822B74327CD42C99B0F9B0155A0F4 NativeClass:/Script/Landscape.LandscapeStreamingProxy Name:LandscapeStreamingProxy_4MGFAMPQINMITSKLCKSZ2N9UU_60_3_0_0 Label:LandscapeStreamingProxy_3_0_0 SpatiallyLoaded:true EditorBounds:IsValid=true, Min=(X=6000.000 Y=-12000.000 Z=-100.000), Max=(X=12000.000 Y=-6000.000 Z=100.000) RuntimeBounds:IsValid=true, Min=(X=6000.000 Y=-12000.000 Z=-100.000), Max=(X=12000.000 Y=-6000.000 Z=100.000) RuntimeGrid:None EditorOnly:false RuntimeOnly:false HLODRelevant:true ListedInSceneOutliner:true IsMainWorldOnly:false
 |   |   |- Guid:3A00AA1C422CE54C0BDB60BAF471BFBB NativeClass:/Script/Engine.PlayerStart Name:PlayerStart_0 Label:PlayerStart SpatiallyLoaded:false EditorBounds:IsValid=true, Min=(X=860.000 Y=1070.000 Z=0.013), Max=(X=940.000 Y=1150.000 Z=184.013) RuntimeBounds:IsValid=true, Min=(X=860.000 Y=1070.000 Z=0.013), Max=(X=940.000 Y=1150.000 Z=184.013) RuntimeGrid:None EditorOnly:false RuntimeOnly:false HLODRelevant:false ListedInSceneOutliner:true IsMainWorldOnly:false
 |   |   |- Guid:46808C4742F21E05C1508F81929FA722 NativeClass:/Script/Landscape.LandscapeStreamingProxy Name:LandscapeStreamingProxy_4MGFAMPQINMITSKLCKSZ2N9UU_60_0_3_0 Label:LandscapeStreamingProxy_0_3_0 SpatiallyLoaded:true EditorBounds:IsValid=true, Min=(X=-12000.000 Y=6000.000 Z=-100.000), Max=(X=-6000.000 Y=12000.000 Z=100.000) RuntimeBounds:IsValid=true, Min=(X=-12000.000 Y=6000.000 Z=-100.000), Max=(X=-6000.000 Y=12000.000 Z=100.000) RuntimeGrid:None EditorOnly:false RuntimeOnly:false HLODRelevant:true ListedInSceneOutliner:true IsMainWorldOnly:false
 |   |   |- Guid:48C2595741DBC245D9698E852F8F76B9 NativeClass:/Script/Landscape.LandscapeStreamingProxy Name:LandscapeStreamingProxy_4MGFAMPQINMITSKLCKSZ2N9UU_60_0_2_0 Label:LandscapeStreamingProxy_0_2_0 SpatiallyLoaded:true EditorBounds:IsValid=true, Min=(X=-12000.000 Y=0.000 Z=-100.000), Max=(X=-6000.000 Y=6000.000 Z=100.000) RuntimeBounds:IsValid=true, Min=(X=-12000.000 Y=0.000 Z=-100.000), Max=(X=-6000.000 Y=6000.000 Z=100.000) RuntimeGrid:None EditorOnly:false RuntimeOnly:false HLODRelevant:true ListedInSceneOutliner:true IsMainWorldOnly:false
 |   |   |- Guid:4D3BE93F4146AAAC8BBE79999D96D57F NativeClass:/Script/Engine.VolumetricCloud Name:VolumetricCloud_0 Label:VolumetricCloud SpatiallyLoaded:false EditorBounds:IsValid=true, Min=(X=0.000 Y=0.000 Z=820.000), Max=(X=0.000 Y=0.000 Z=820.000) RuntimeBounds:IsValid=true, Min=(X=0.000 Y=0.000 Z=820.000), Max=(X=0.000 Y=0.000 Z=820.000) RuntimeGrid:None EditorOnly:false RuntimeOnly:false HLODRelevant:false ListedInSceneOutliner:true IsMainWorldOnly:false FolderPath:Lighting FolderGuid:963EC3EB4002CCE9759E2EBA541A873A
 |   |   |- Guid:5236DFAF413A97D44811A5A79C2A5654 NativeClass:/Script/Landscape.LandscapeStreamingProxy Name:LandscapeStreamingProxy_4MGFAMPQINMITSKLCKSZ2N9UU_60_3_1_0 Label:LandscapeStreamingProxy_3_1_0 SpatiallyLoaded:true EditorBounds:IsValid=true, Min=(X=6000.000 Y=-6000.000 Z=-100.000), Max=(X=12000.000 Y=0.000 Z=100.000) RuntimeBounds:IsValid=true, Min=(X=6000.000 Y=-6000.000 Z=-100.000), Max=(X=12000.000 Y=0.000 Z=100.000) RuntimeGrid:None EditorOnly:false RuntimeOnly:false HLODRelevant:true ListedInSceneOutliner:true IsMainWorldOnly:false
 |   |   |- Guid:5A089C9446B857B3980D409D2585D73F NativeClass:/Script/Landscape.LandscapeStreamingProxy Name:LandscapeStreamingProxy_4MGFAMPQINMITSKLCKSZ2N9UU_60_2_2_0 Label:LandscapeStreamingProxy_2_2_0 SpatiallyLoaded:true EditorBounds:IsValid=true, Min=(X=0.000 Y=0.000 Z=-100.000), Max=(X=6000.000 Y=6000.000 Z=100.000) RuntimeBounds:IsValid=true, Min=(X=0.000 Y=0.000 Z=-100.000), Max=(X=6000.000 Y=6000.000 Z=100.000) RuntimeGrid:None EditorOnly:false RuntimeOnly:false HLODRelevant:true ListedInSceneOutliner:true IsMainWorldOnly:false
 |   |   |- Guid:6BAF4DDD444C60371492D3919DB42C97 NativeClass:/Script/Engine.WorldDataLayers Name:WorldDataLayers Label:WorldDataLayers SpatiallyLoaded:false EditorBounds:IsValid=true, Min=(X=0.000 Y=0.000 Z=0.000), Max=(X=0.000 Y=0.000 Z=0.000) RuntimeBounds:IsValid=true, Min=(X=0.000 Y=0.000 Z=0.000), Max=(X=0.000 Y=0.000 Z=0.000) RuntimeGrid:None EditorOnly:false RuntimeOnly:false HLODRelevant:false ListedInSceneOutliner:true IsMainWorldOnly:true
 |   |   |- Guid:80C45F124CD247C9E38058BCCA03E68F NativeClass:/Script/Landscape.LandscapeStreamingProxy Name:LandscapeStreamingProxy_4MGFAMPQINMITSKLCKSZ2N9UU_60_3_3_0 Label:LandscapeStreamingProxy_3_3_0 SpatiallyLoaded:true EditorBounds:IsValid=true, Min=(X=6000.000 Y=6000.000 Z=-100.000), Max=(X=12000.000 Y=12000.000 Z=100.000) RuntimeBounds:IsValid=true, Min=(X=6000.000 Y=6000.000 Z=-100.000), Max=(X=12000.000 Y=12000.000 Z=100.000) RuntimeGrid:None EditorOnly:false RuntimeOnly:false HLODRelevant:true ListedInSceneOutliner:true IsMainWorldOnly:false
 |   |   |- Guid:87C2A28E48EB83D14261FE9E0FAF2055 NativeClass:/Script/Landscape.LandscapeStreamingProxy Name:LandscapeStreamingProxy_4MGFAMPQINMITSKLCKSZ2N9UU_60_1_0_0 Label:LandscapeStreamingProxy_1_0_0 SpatiallyLoaded:true EditorBounds:IsValid=true, Min=(X=-6000.000 Y=-12000.000 Z=-100.000), Max=(X=0.000 Y=-6000.000 Z=100.000) RuntimeBounds:IsValid=true, Min=(X=-6000.000 Y=-12000.000 Z=-100.000), Max=(X=0.000 Y=-6000.000 Z=100.000) RuntimeGrid:None EditorOnly:false RuntimeOnly:false HLODRelevant:true ListedInSceneOutliner:true IsMainWorldOnly:false
 |   |   |- Guid:93F6C3D644A792131E6D84B256D36300 NativeClass:/Script/Landscape.Landscape Name:Landscape_UAID_2CF05D9C5603E5BC02_1679327327 Label:Landscape SpatiallyLoaded:false EditorBounds:IsValid=true, Min=(X=-12000.000 Y=-12000.000 Z=0.000), Max=(X=-12000.000 Y=-12000.000 Z=0.000) RuntimeBounds:IsValid=true, Min=(X=-12000.000 Y=-12000.000 Z=0.000), Max=(X=-12000.000 Y=-12000.000 Z=0.000) RuntimeGrid:None EditorOnly:false RuntimeOnly:false HLODRelevant:false ListedInSceneOutliner:true IsMainWorldOnly:false
 |   |   |- Guid:9E38DDC943CA78FBB68A42BE70D5CA0F NativeClass:/Script/Landscape.LandscapeStreamingProxy Name:LandscapeStreamingProxy_4MGFAMPQINMITSKLCKSZ2N9UU_60_2_1_0 Label:LandscapeStreamingProxy_2_1_0 SpatiallyLoaded:true EditorBounds:IsValid=true, Min=(X=0.000 Y=-6000.000 Z=-100.000), Max=(X=6000.000 Y=0.000 Z=100.000) RuntimeBounds:IsValid=true, Min=(X=0.000 Y=-6000.000 Z=-100.000), Max=(X=6000.000 Y=0.000 Z=100.000) RuntimeGrid:None EditorOnly:false RuntimeOnly:false HLODRelevant:true ListedInSceneOutliner:true IsMainWorldOnly:false
 |   |   |- Guid:A7251D1042C349127812CF9D8A0CAFC7 NativeClass:/Script/Landscape.LandscapeStreamingProxy Name:LandscapeStreamingProxy_4MGFAMPQINMITSKLCKSZ2N9UU_60_3_2_0 Label:LandscapeStreamingProxy_3_2_0 SpatiallyLoaded:true EditorBounds:IsValid=true, Min=(X=6000.000 Y=0.000 Z=-100.000), Max=(X=12000.000 Y=6000.000 Z=100.000) RuntimeBounds:IsValid=true, Min=(X=6000.000 Y=0.000 Z=-100.000), Max=(X=12000.000 Y=6000.000 Z=100.000) RuntimeGrid:None EditorOnly:false RuntimeOnly:false HLODRelevant:true ListedInSceneOutliner:true IsMainWorldOnly:false
 |   |   |- Guid:A8E579A2411E4EF8ED82B08A195CA9DB NativeClass:/Script/Landscape.LandscapeStreamingProxy Name:LandscapeStreamingProxy_4MGFAMPQINMITSKLCKSZ2N9UU_60_2_0_0 Label:LandscapeStreamingProxy_2_0_0 SpatiallyLoaded:true EditorBounds:IsValid=true, Min=(X=0.000 Y=-12000.000 Z=-100.000), Max=(X=6000.000 Y=-6000.000 Z=100.000) RuntimeBounds:IsValid=true, Min=(X=0.000 Y=-12000.000 Z=-100.000), Max=(X=6000.000 Y=-6000.000 Z=100.000) RuntimeGrid:None EditorOnly:false RuntimeOnly:false HLODRelevant:true ListedInSceneOutliner:true IsMainWorldOnly:false
 |   |   |- Guid:B785ED2844B84CFB91E7F39FE661CD99 NativeClass:/Script/Engine.DirectionalLight Name:DirectionalLight_0 Label:DirectionalLight SpatiallyLoaded:false EditorBounds:IsValid=true, Min=(X=-1048576.000 Y=-1048576.000 Z=-1048576.000), Max=(X=1048576.000 Y=1048576.000 Z=1048576.000) RuntimeBounds:IsValid=true, Min=(X=-1048576.000 Y=-1048576.000 Z=-1048576.000), Max=(X=1048576.000 Y=1048576.000 Z=1048576.000) RuntimeGrid:None EditorOnly:false RuntimeOnly:false HLODRelevant:false ListedInSceneOutliner:true IsMainWorldOnly:false FolderPath:Lighting FolderGuid:963EC3EB4002CCE9759E2EBA541A873A
 |   |   |- Guid:CCFF262C46EEFFDF319E7F9539CE697E NativeClass:/Script/Engine.SkyAtmosphere Name:SkyAtmosphere_0 Label:SkyAtmosphere SpatiallyLoaded:false EditorBounds:IsValid=true, Min=(X=0.000 Y=0.000 Z=1020.000), Max=(X=0.000 Y=0.000 Z=1020.000) RuntimeBounds:IsValid=true, Min=(X=0.000 Y=0.000 Z=1020.000), Max=(X=0.000 Y=0.000 Z=1020.000) RuntimeGrid:None EditorOnly:false RuntimeOnly:false HLODRelevant:false ListedInSceneOutliner:true IsMainWorldOnly:false FolderPath:Lighting FolderGuid:963EC3EB4002CCE9759E2EBA541A873A
 |   |   |- Guid:D1EF00D94BE2EF4FCF136D9C06133BEC NativeClass:/Script/Landscape.LandscapeStreamingProxy Name:LandscapeStreamingProxy_4MGFAMPQINMITSKLCKSZ2N9UU_60_2_3_0 Label:LandscapeStreamingProxy_2_3_0 SpatiallyLoaded:true EditorBounds:IsValid=true, Min=(X=0.000 Y=6000.000 Z=-100.000), Max=(X=6000.000 Y=12000.000 Z=100.000) RuntimeBounds:IsValid=true, Min=(X=0.000 Y=6000.000 Z=-100.000), Max=(X=6000.000 Y=12000.000 Z=100.000) RuntimeGrid:None EditorOnly:false RuntimeOnly:false HLODRelevant:true ListedInSceneOutliner:true IsMainWorldOnly:false
 |   |   |- Guid:D64C6A6E4CD7847276408DB3CB74A2F2 NativeClass:/Script/Landscape.LandscapeStreamingProxy Name:LandscapeStreamingProxy_4MGFAMPQINMITSKLCKSZ2N9UU_60_0_0_0 Label:LandscapeStreamingProxy_0_0_0 SpatiallyLoaded:true EditorBounds:IsValid=true, Min=(X=-12000.000 Y=-12000.000 Z=-100.000), Max=(X=-6000.000 Y=-6000.000 Z=100.000) RuntimeBounds:IsValid=true, Min=(X=-12000.000 Y=-12000.000 Z=-100.000), Max=(X=-6000.000 Y=-6000.000 Z=100.000) RuntimeGrid:None EditorOnly:false RuntimeOnly:false HLODRelevant:true ListedInSceneOutliner:true IsMainWorldOnly:false
 |   |   |- Guid:EC4E0C944CE6AC6E784BC6BB2916EA13 NativeClass:/Script/Engine.StaticMeshActor Name:StaticMeshActor_UAID_A4AE111137DC5EFB00_1110535423 Label:SM_SkySphere SpatiallyLoaded:false EditorBounds:IsValid=true, Min=(X=-1638400.000 Y=-1638400.000 Z=-1638400.000), Max=(X=1638400.000 Y=1638400.000 Z=1638400.000) RuntimeBounds:IsValid=true, Min=(X=-1638400.000 Y=-1638400.000 Z=-1638400.000), Max=(X=1638400.000 Y=1638400.000 Z=1638400.000) RuntimeGrid:None EditorOnly:false RuntimeOnly:false HLODRelevant:true ListedInSceneOutliner:true IsMainWorldOnly:false FolderPath:Lighting FolderGuid:963EC3EB4002CCE9759E2EBA541A873A
 |   |   |- Guid:EDAB301E4E69FCD8784809B0B283F696 NativeClass:/Script/Landscape.LandscapeStreamingProxy Name:LandscapeStreamingProxy_4MGFAMPQINMITSKLCKSZ2N9UU_60_1_3_0 Label:LandscapeStreamingProxy_1_3_0 SpatiallyLoaded:true EditorBounds:IsValid=true, Min=(X=-6000.000 Y=6000.000 Z=-100.000), Max=(X=0.000 Y=12000.000 Z=100.000) RuntimeBounds:IsValid=true, Min=(X=-6000.000 Y=6000.000 Z=-100.000), Max=(X=0.000 Y=12000.000 Z=100.000) RuntimeGrid:None EditorOnly:false RuntimeOnly:false HLODRelevant:true ListedInSceneOutliner:true IsMainWorldOnly:false
 |   |   |- Guid:F5E3FEB3450C49844FD93DA8E083C8AD NativeClass:/Script/Engine.PostProcessVolume Name:PostProcessVolume_0 Label:PostProcessVolume SpatiallyLoaded:false EditorBounds:IsValid=true, Min=(X=0.000 Y=0.000 Z=400.000), Max=(X=200.000 Y=200.000 Z=600.000) RuntimeBounds:IsValid=true, Min=(X=0.000 Y=0.000 Z=400.000), Max=(X=200.000 Y=200.000 Z=600.000) RuntimeGrid:None EditorOnly:false RuntimeOnly:false HLODRelevant:false ListedInSceneOutliner:true IsMainWorldOnly:false FolderPath:Lighting FolderGuid:963EC3EB4002CCE9759E2EBA541A873A
 |   |- [+] Clusters:
 |   |   |- [+] [  0]
 |   |   |   |- Guid:2049BD8141FEFDDF323EFEBB45EFF8A8 NativeClass:/Script/Landscape.LandscapeStreamingProxy Name:LandscapeStreamingProxy_4MGFAMPQINMITSKLCKSZ2N9UU_60_0_1_0 Label:LandscapeStreamingProxy_0_1_0 SpatiallyLoaded:true EditorBounds:IsValid=true, Min=(X=-12000.000 Y=-6000.000 Z=-100.000), Max=(X=-6000.000 Y=0.000 Z=100.000) RuntimeBounds:IsValid=true, Min=(X=-12000.000 Y=-6000.000 Z=-100.000), Max=(X=-6000.000 Y=0.000 Z=100.000) RuntimeGrid:None EditorOnly:false RuntimeOnly:false HLODRelevant:true ListedInSceneOutliner:true IsMainWorldOnly:false
 |   |   |- [+] [  1]
 |   |   |   |- Guid:25A44080402C6C90F537CDB40C7FB412 NativeClass:/Script/Landscape.LandscapeStreamingProxy Name:LandscapeStreamingProxy_4MGFAMPQINMITSKLCKSZ2N9UU_60_1_1_0 Label:LandscapeStreamingProxy_1_1_0 SpatiallyLoaded:true EditorBounds:IsValid=true, Min=(X=-6000.000 Y=-6000.000 Z=-100.000), Max=(X=0.000 Y=0.000 Z=100.000) RuntimeBounds:IsValid=true, Min=(X=-6000.000 Y=-6000.000 Z=-100.000), Max=(X=0.000 Y=0.000 Z=100.000) RuntimeGrid:None EditorOnly:false RuntimeOnly:false HLODRelevant:true ListedInSceneOutliner:true IsMainWorldOnly:false
 |   |   |- [+] [  2]
 |   |   |   |- Guid:2C043CB74887F8AAA15335B2ED205152 NativeClass:/Script/Landscape.LandscapeStreamingProxy Name:LandscapeStreamingProxy_4MGFAMPQINMITSKLCKSZ2N9UU_60_1_2_0 Label:LandscapeStreamingProxy_1_2_0 SpatiallyLoaded:true EditorBounds:IsValid=true, Min=(X=-6000.000 Y=0.000 Z=-100.000), Max=(X=0.000 Y=6000.000 Z=100.000) RuntimeBounds:IsValid=true, Min=(X=-6000.000 Y=0.000 Z=-100.000), Max=(X=0.000 Y=6000.000 Z=100.000) RuntimeGrid:None EditorOnly:false RuntimeOnly:false HLODRelevant:true ListedInSceneOutliner:true IsMainWorldOnly:false
 |   |   |- [+] [  3]
 |   |   |   |- Guid:2FB58999456391D349DC0F86DAC136ED NativeClass:/Script/Engine.SkyLight Name:SkyLight_1 Label:SkyLight SpatiallyLoaded:false EditorBounds:IsValid=true, Min=(X=0.000 Y=0.000 Z=690.000), Max=(X=0.000 Y=0.000 Z=690.000) RuntimeBounds:IsValid=true, Min=(X=0.000 Y=0.000 Z=690.000), Max=(X=0.000 Y=0.000 Z=690.000) RuntimeGrid:None EditorOnly:false RuntimeOnly:false HLODRelevant:false ListedInSceneOutliner:true IsMainWorldOnly:false FolderPath:Lighting FolderGuid:963EC3EB4002CCE9759E2EBA541A873A
 |   |   |- [+] [  4]
 |   |   |   |- Guid:316CF2A6494ACA4C0E4180A87D36AB8F NativeClass:/Script/Engine.ExponentialHeightFog Name:ExponentialHeightFog_0 Label:ExponentialHeightFog SpatiallyLoaded:false EditorBounds:IsValid=true, Min=(X=-5600.000 Y=-50.000 Z=-6850.000), Max=(X=-5600.000 Y=-50.000 Z=-6850.000) RuntimeBounds:IsValid=true, Min=(X=-5600.000 Y=-50.000 Z=-6850.000), Max=(X=-5600.000 Y=-50.000 Z=-6850.000) RuntimeGrid:None EditorOnly:false RuntimeOnly:false HLODRelevant:false ListedInSceneOutliner:true IsMainWorldOnly:false FolderPath:Lighting FolderGuid:963EC3EB4002CCE9759E2EBA541A873A
 |   |   |- [+] [  5]
 |   |   |   |- Guid:32A822B74327CD42C99B0F9B0155A0F4 NativeClass:/Script/Landscape.LandscapeStreamingProxy Name:LandscapeStreamingProxy_4MGFAMPQINMITSKLCKSZ2N9UU_60_3_0_0 Label:LandscapeStreamingProxy_3_0_0 SpatiallyLoaded:true EditorBounds:IsValid=true, Min=(X=6000.000 Y=-12000.000 Z=-100.000), Max=(X=12000.000 Y=-6000.000 Z=100.000) RuntimeBounds:IsValid=true, Min=(X=6000.000 Y=-12000.000 Z=-100.000), Max=(X=12000.000 Y=-6000.000 Z=100.000) RuntimeGrid:None EditorOnly:false RuntimeOnly:false HLODRelevant:true ListedInSceneOutliner:true IsMainWorldOnly:false
 |   |   |- [+] [  6]
 |   |   |   |- Guid:3A00AA1C422CE54C0BDB60BAF471BFBB NativeClass:/Script/Engine.PlayerStart Name:PlayerStart_0 Label:PlayerStart SpatiallyLoaded:false EditorBounds:IsValid=true, Min=(X=860.000 Y=1070.000 Z=0.013), Max=(X=940.000 Y=1150.000 Z=184.013) RuntimeBounds:IsValid=true, Min=(X=860.000 Y=1070.000 Z=0.013), Max=(X=940.000 Y=1150.000 Z=184.013) RuntimeGrid:None EditorOnly:false RuntimeOnly:false HLODRelevant:false ListedInSceneOutliner:true IsMainWorldOnly:false
 |   |   |- [+] [  7]
 |   |   |   |- Guid:46808C4742F21E05C1508F81929FA722 NativeClass:/Script/Landscape.LandscapeStreamingProxy Name:LandscapeStreamingProxy_4MGFAMPQINMITSKLCKSZ2N9UU_60_0_3_0 Label:LandscapeStreamingProxy_0_3_0 SpatiallyLoaded:true EditorBounds:IsValid=true, Min=(X=-12000.000 Y=6000.000 Z=-100.000), Max=(X=-6000.000 Y=12000.000 Z=100.000) RuntimeBounds:IsValid=true, Min=(X=-12000.000 Y=6000.000 Z=-100.000), Max=(X=-6000.000 Y=12000.000 Z=100.000) RuntimeGrid:None EditorOnly:false RuntimeOnly:false HLODRelevant:true ListedInSceneOutliner:true IsMainWorldOnly:false
 |   |   |- [+] [  8]
 |   |   |   |- Guid:48C2595741DBC245D9698E852F8F76B9 NativeClass:/Script/Landscape.LandscapeStreamingProxy Name:LandscapeStreamingProxy_4MGFAMPQINMITSKLCKSZ2N9UU_60_0_2_0 Label:LandscapeStreamingProxy_0_2_0 SpatiallyLoaded:true EditorBounds:IsValid=true, Min=(X=-12000.000 Y=0.000 Z=-100.000), Max=(X=-6000.000 Y=6000.000 Z=100.000) RuntimeBounds:IsValid=true, Min=(X=-12000.000 Y=0.000 Z=-100.000), Max=(X=-6000.000 Y=6000.000 Z=100.000) RuntimeGrid:None EditorOnly:false RuntimeOnly:false HLODRelevant:true ListedInSceneOutliner:true IsMainWorldOnly:false
 |   |   |- [+] [  9]
 |   |   |   |- Guid:4D3BE93F4146AAAC8BBE79999D96D57F NativeClass:/Script/Engine.VolumetricCloud Name:VolumetricCloud_0 Label:VolumetricCloud SpatiallyLoaded:false EditorBounds:IsValid=true, Min=(X=0.000 Y=0.000 Z=820.000), Max=(X=0.000 Y=0.000 Z=820.000) RuntimeBounds:IsValid=true, Min=(X=0.000 Y=0.000 Z=820.000), Max=(X=0.000 Y=0.000 Z=820.000) RuntimeGrid:None EditorOnly:false RuntimeOnly:false HLODRelevant:false ListedInSceneOutliner:true IsMainWorldOnly:false FolderPath:Lighting FolderGuid:963EC3EB4002CCE9759E2EBA541A873A
 |   |   |- [+] [ 10]
 |   |   |   |- Guid:5236DFAF413A97D44811A5A79C2A5654 NativeClass:/Script/Landscape.LandscapeStreamingProxy Name:LandscapeStreamingProxy_4MGFAMPQINMITSKLCKSZ2N9UU_60_3_1_0 Label:LandscapeStreamingProxy_3_1_0 SpatiallyLoaded:true EditorBounds:IsValid=true, Min=(X=6000.000 Y=-6000.000 Z=-100.000), Max=(X=12000.000 Y=0.000 Z=100.000) RuntimeBounds:IsValid=true, Min=(X=6000.000 Y=-6000.000 Z=-100.000), Max=(X=12000.000 Y=0.000 Z=100.000) RuntimeGrid:None EditorOnly:false RuntimeOnly:false HLODRelevant:true ListedInSceneOutliner:true IsMainWorldOnly:false
 |   |   |- [+] [ 11]
 |   |   |   |- Guid:5A089C9446B857B3980D409D2585D73F NativeClass:/Script/Landscape.LandscapeStreamingProxy Name:LandscapeStreamingProxy_4MGFAMPQINMITSKLCKSZ2N9UU_60_2_2_0 Label:LandscapeStreamingProxy_2_2_0 SpatiallyLoaded:true EditorBounds:IsValid=true, Min=(X=0.000 Y=0.000 Z=-100.000), Max=(X=6000.000 Y=6000.000 Z=100.000) RuntimeBounds:IsValid=true, Min=(X=0.000 Y=0.000 Z=-100.000), Max=(X=6000.000 Y=6000.000 Z=100.000) RuntimeGrid:None EditorOnly:false RuntimeOnly:false HLODRelevant:true ListedInSceneOutliner:true IsMainWorldOnly:false
 |   |   |- [+] [ 12]
 |   |   |   |- Guid:6BAF4DDD444C60371492D3919DB42C97 NativeClass:/Script/Engine.WorldDataLayers Name:WorldDataLayers Label:WorldDataLayers SpatiallyLoaded:false EditorBounds:IsValid=true, Min=(X=0.000 Y=0.000 Z=0.000), Max=(X=0.000 Y=0.000 Z=0.000) RuntimeBounds:IsValid=true, Min=(X=0.000 Y=0.000 Z=0.000), Max=(X=0.000 Y=0.000 Z=0.000) RuntimeGrid:None EditorOnly:false RuntimeOnly:false HLODRelevant:false ListedInSceneOutliner:true IsMainWorldOnly:true
 |   |   |- [+] [ 13]
 |   |   |   |- Guid:80C45F124CD247C9E38058BCCA03E68F NativeClass:/Script/Landscape.LandscapeStreamingProxy Name:LandscapeStreamingProxy_4MGFAMPQINMITSKLCKSZ2N9UU_60_3_3_0 Label:LandscapeStreamingProxy_3_3_0 SpatiallyLoaded:true EditorBounds:IsValid=true, Min=(X=6000.000 Y=6000.000 Z=-100.000), Max=(X=12000.000 Y=12000.000 Z=100.000) RuntimeBounds:IsValid=true, Min=(X=6000.000 Y=6000.000 Z=-100.000), Max=(X=12000.000 Y=12000.000 Z=100.000) RuntimeGrid:None EditorOnly:false RuntimeOnly:false HLODRelevant:true ListedInSceneOutliner:true IsMainWorldOnly:false
 |   |   |- [+] [ 14]
 |   |   |   |- Guid:87C2A28E48EB83D14261FE9E0FAF2055 NativeClass:/Script/Landscape.LandscapeStreamingProxy Name:LandscapeStreamingProxy_4MGFAMPQINMITSKLCKSZ2N9UU_60_1_0_0 Label:LandscapeStreamingProxy_1_0_0 SpatiallyLoaded:true EditorBounds:IsValid=true, Min=(X=-6000.000 Y=-12000.000 Z=-100.000), Max=(X=0.000 Y=-6000.000 Z=100.000) RuntimeBounds:IsValid=true, Min=(X=-6000.000 Y=-12000.000 Z=-100.000), Max=(X=0.000 Y=-6000.000 Z=100.000) RuntimeGrid:None EditorOnly:false RuntimeOnly:false HLODRelevant:true ListedInSceneOutliner:true IsMainWorldOnly:false
 |   |   |- [+] [ 15]
 |   |   |   |- Guid:93F6C3D644A792131E6D84B256D36300 NativeClass:/Script/Landscape.Landscape Name:Landscape_UAID_2CF05D9C5603E5BC02_1679327327 Label:Landscape SpatiallyLoaded:false EditorBounds:IsValid=true, Min=(X=-12000.000 Y=-12000.000 Z=0.000), Max=(X=-12000.000 Y=-12000.000 Z=0.000) RuntimeBounds:IsValid=true, Min=(X=-12000.000 Y=-12000.000 Z=0.000), Max=(X=-12000.000 Y=-12000.000 Z=0.000) RuntimeGrid:None EditorOnly:false RuntimeOnly:false HLODRelevant:false ListedInSceneOutliner:true IsMainWorldOnly:false
 |   |   |- [+] [ 16]
 |   |   |   |- Guid:9E38DDC943CA78FBB68A42BE70D5CA0F NativeClass:/Script/Landscape.LandscapeStreamingProxy Name:LandscapeStreamingProxy_4MGFAMPQINMITSKLCKSZ2N9UU_60_2_1_0 Label:LandscapeStreamingProxy_2_1_0 SpatiallyLoaded:true EditorBounds:IsValid=true, Min=(X=0.000 Y=-6000.000 Z=-100.000), Max=(X=6000.000 Y=0.000 Z=100.000) RuntimeBounds:IsValid=true, Min=(X=0.000 Y=-6000.000 Z=-100.000), Max=(X=6000.000 Y=0.000 Z=100.000) RuntimeGrid:None EditorOnly:false RuntimeOnly:false HLODRelevant:true ListedInSceneOutliner:true IsMainWorldOnly:false
 |   |   |- [+] [ 17]
 |   |   |   |- Guid:A7251D1042C349127812CF9D8A0CAFC7 NativeClass:/Script/Landscape.LandscapeStreamingProxy Name:LandscapeStreamingProxy_4MGFAMPQINMITSKLCKSZ2N9UU_60_3_2_0 Label:LandscapeStreamingProxy_3_2_0 SpatiallyLoaded:true EditorBounds:IsValid=true, Min=(X=6000.000 Y=0.000 Z=-100.000), Max=(X=12000.000 Y=6000.000 Z=100.000) RuntimeBounds:IsValid=true, Min=(X=6000.000 Y=0.000 Z=-100.000), Max=(X=12000.000 Y=6000.000 Z=100.000) RuntimeGrid:None EditorOnly:false RuntimeOnly:false HLODRelevant:true ListedInSceneOutliner:true IsMainWorldOnly:false
 |   |   |- [+] [ 18]
 |   |   |   |- Guid:A8E579A2411E4EF8ED82B08A195CA9DB NativeClass:/Script/Landscape.LandscapeStreamingProxy Name:LandscapeStreamingProxy_4MGFAMPQINMITSKLCKSZ2N9UU_60_2_0_0 Label:LandscapeStreamingProxy_2_0_0 SpatiallyLoaded:true EditorBounds:IsValid=true, Min=(X=0.000 Y=-12000.000 Z=-100.000), Max=(X=6000.000 Y=-6000.000 Z=100.000) RuntimeBounds:IsValid=true, Min=(X=0.000 Y=-12000.000 Z=-100.000), Max=(X=6000.000 Y=-6000.000 Z=100.000) RuntimeGrid:None EditorOnly:false RuntimeOnly:false HLODRelevant:true ListedInSceneOutliner:true IsMainWorldOnly:false
 |   |   |- [+] [ 19]
 |   |   |   |- Guid:B785ED2844B84CFB91E7F39FE661CD99 NativeClass:/Script/Engine.DirectionalLight Name:DirectionalLight_0 Label:DirectionalLight SpatiallyLoaded:false EditorBounds:IsValid=true, Min=(X=-1048576.000 Y=-1048576.000 Z=-1048576.000), Max=(X=1048576.000 Y=1048576.000 Z=1048576.000) RuntimeBounds:IsValid=true, Min=(X=-1048576.000 Y=-1048576.000 Z=-1048576.000), Max=(X=1048576.000 Y=1048576.000 Z=1048576.000) RuntimeGrid:None EditorOnly:false RuntimeOnly:false HLODRelevant:false ListedInSceneOutliner:true IsMainWorldOnly:false FolderPath:Lighting FolderGuid:963EC3EB4002CCE9759E2EBA541A873A
 |   |   |- [+] [ 20]
 |   |   |   |- Guid:CCFF262C46EEFFDF319E7F9539CE697E NativeClass:/Script/Engine.SkyAtmosphere Name:SkyAtmosphere_0 Label:SkyAtmosphere SpatiallyLoaded:false EditorBounds:IsValid=true, Min=(X=0.000 Y=0.000 Z=1020.000), Max=(X=0.000 Y=0.000 Z=1020.000) RuntimeBounds:IsValid=true, Min=(X=0.000 Y=0.000 Z=1020.000), Max=(X=0.000 Y=0.000 Z=1020.000) RuntimeGrid:None EditorOnly:false RuntimeOnly:false HLODRelevant:false ListedInSceneOutliner:true IsMainWorldOnly:false FolderPath:Lighting FolderGuid:963EC3EB4002CCE9759E2EBA541A873A
 |   |   |- [+] [ 21]
 |   |   |   |- Guid:D1EF00D94BE2EF4FCF136D9C06133BEC NativeClass:/Script/Landscape.LandscapeStreamingProxy Name:LandscapeStreamingProxy_4MGFAMPQINMITSKLCKSZ2N9UU_60_2_3_0 Label:LandscapeStreamingProxy_2_3_0 SpatiallyLoaded:true EditorBounds:IsValid=true, Min=(X=0.000 Y=6000.000 Z=-100.000), Max=(X=6000.000 Y=12000.000 Z=100.000) RuntimeBounds:IsValid=true, Min=(X=0.000 Y=6000.000 Z=-100.000), Max=(X=6000.000 Y=12000.000 Z=100.000) RuntimeGrid:None EditorOnly:false RuntimeOnly:false HLODRelevant:true ListedInSceneOutliner:true IsMainWorldOnly:false
 |   |   |- [+] [ 22]
 |   |   |   |- Guid:D64C6A6E4CD7847276408DB3CB74A2F2 NativeClass:/Script/Landscape.LandscapeStreamingProxy Name:LandscapeStreamingProxy_4MGFAMPQINMITSKLCKSZ2N9UU_60_0_0_0 Label:LandscapeStreamingProxy_0_0_0 SpatiallyLoaded:true EditorBounds:IsValid=true, Min=(X=-12000.000 Y=-12000.000 Z=-100.000), Max=(X=-6000.000 Y=-6000.000 Z=100.000) RuntimeBounds:IsValid=true, Min=(X=-12000.000 Y=-12000.000 Z=-100.000), Max=(X=-6000.000 Y=-6000.000 Z=100.000) RuntimeGrid:None EditorOnly:false RuntimeOnly:false HLODRelevant:true ListedInSceneOutliner:true IsMainWorldOnly:false
 |   |   |- [+] [ 23]
 |   |   |   |- Guid:EC4E0C944CE6AC6E784BC6BB2916EA13 NativeClass:/Script/Engine.StaticMeshActor Name:StaticMeshActor_UAID_A4AE111137DC5EFB00_1110535423 Label:SM_SkySphere SpatiallyLoaded:false EditorBounds:IsValid=true, Min=(X=-1638400.000 Y=-1638400.000 Z=-1638400.000), Max=(X=1638400.000 Y=1638400.000 Z=1638400.000) RuntimeBounds:IsValid=true, Min=(X=-1638400.000 Y=-1638400.000 Z=-1638400.000), Max=(X=1638400.000 Y=1638400.000 Z=1638400.000) RuntimeGrid:None EditorOnly:false RuntimeOnly:false HLODRelevant:true ListedInSceneOutliner:true IsMainWorldOnly:false FolderPath:Lighting FolderGuid:963EC3EB4002CCE9759E2EBA541A873A
 |   |   |- [+] [ 24]
 |   |   |   |- Guid:EDAB301E4E69FCD8784809B0B283F696 NativeClass:/Script/Landscape.LandscapeStreamingProxy Name:LandscapeStreamingProxy_4MGFAMPQINMITSKLCKSZ2N9UU_60_1_3_0 Label:LandscapeStreamingProxy_1_3_0 SpatiallyLoaded:true EditorBounds:IsValid=true, Min=(X=-6000.000 Y=6000.000 Z=-100.000), Max=(X=0.000 Y=12000.000 Z=100.000) RuntimeBounds:IsValid=true, Min=(X=-6000.000 Y=6000.000 Z=-100.000), Max=(X=0.000 Y=12000.000 Z=100.000) RuntimeGrid:None EditorOnly:false RuntimeOnly:false HLODRelevant:true ListedInSceneOutliner:true IsMainWorldOnly:false
 |   |   |- [+] [ 25]
 |   |   |   |- Guid:F5E3FEB3450C49844FD93DA8E083C8AD NativeClass:/Script/Engine.PostProcessVolume Name:PostProcessVolume_0 Label:PostProcessVolume SpatiallyLoaded:false EditorBounds:IsValid=true, Min=(X=0.000 Y=0.000 Z=400.000), Max=(X=200.000 Y=200.000 Z=600.000) RuntimeBounds:IsValid=true, Min=(X=0.000 Y=0.000 Z=400.000), Max=(X=200.000 Y=200.000 Z=600.000) RuntimeGrid:None EditorOnly:false RuntimeOnly:false HLODRelevant:false ListedInSceneOutliner:true IsMainWorldOnly:false FolderPath:Lighting FolderGuid:963EC3EB4002CCE9759E2EBA541A873A
 |- ContainerInstances:
 |- [+] MainContainer:
 |   |-        ID: 00000000000000000000000000000000
 |   |-  ParentID: 00000000000000000000000000000000
 |   |-    Bounds: IsValid=false, Min=(X=0.000 Y=0.000 Z=0.000), Max=(X=0.000 Y=0.000 Z=0.000)
 |   |- Transform: 0.000000,0.000000,0.000000|0.000000,0.000000,-0.000000|1.000000,1.000000,1.000000
 |   |- Container: /Game/ThirdPerson/Maps/ThirdPersonMap
----------------------------------------------------------------------------------------------------------------
ThirdPersonMap - Persistent Level
----------------------------------------------------------------------------------------------------------------
[+] Content of ThirdPersonMap Persistent Level
 |- Always loaded Actor Count: 26 
 |- Actor Path: /Game/ThirdPerson/Maps/ThirdPersonMap.ThirdPersonMap:PersistentLevel.DirectionalLight_0
 |- Actor Package: /Game/__ExternalActors__/ThirdPerson/Maps/ThirdPersonMap/5/R1/TS5OQ5CRUWFZYL1ZQ7I416
 |- Actor Path: /Game/ThirdPerson/Maps/ThirdPersonMap.ThirdPersonMap:PersistentLevel.ExponentialHeightFog_0
 |- Actor Package: /Game/__ExternalActors__/ThirdPerson/Maps/ThirdPersonMap/6/J7/N10XDC9G27EMLS5AGZ6AVV
 |- Actor Path: /Game/ThirdPerson/Maps/ThirdPersonMap.ThirdPersonMap:PersistentLevel.Landscape_UAID_2CF05D9C5603E5BC02_1679327327
 |- Actor Package: /Game/__ExternalActors__/ThirdPerson/Maps/ThirdPersonMap/2/SW/CNY1I73R141JUAD7XIO10S
 |- Actor Path: /Game/ThirdPerson/Maps/ThirdPersonMap.ThirdPersonMap:PersistentLevel.LandscapeStreamingProxy_4MGFAMPQINMITSKLCKSZ2N9UU_60_0_0_0
 |- Actor Package: /Game/__ExternalActors__/ThirdPerson/Maps/ThirdPersonMap/9/I7/37AQ3YGD72UY1I9HY6HQ6N
 |- Actor Path: /Game/ThirdPerson/Maps/ThirdPersonMap.ThirdPersonMap:PersistentLevel.LandscapeStreamingProxy_4MGFAMPQINMITSKLCKSZ2N9UU_60_0_1_0
 |- Actor Package: /Game/__ExternalActors__/ThirdPerson/Maps/ThirdPersonMap/8/2G/I3QLJ09JEN3J3LOP9LX2BF
 |- Actor Path: /Game/ThirdPerson/Maps/ThirdPersonMap.ThirdPersonMap:PersistentLevel.LandscapeStreamingProxy_4MGFAMPQINMITSKLCKSZ2N9UU_60_0_2_0
 |- Actor Package: /Game/__ExternalActors__/ThirdPerson/Maps/ThirdPersonMap/B/14/X8FXQYVTA6V7UK8WXVRENA
 |- Actor Path: /Game/ThirdPerson/Maps/ThirdPersonMap.ThirdPersonMap:PersistentLevel.LandscapeStreamingProxy_4MGFAMPQINMITSKLCKSZ2N9UU_60_0_3_0
 |- Actor Package: /Game/__ExternalActors__/ThirdPerson/Maps/ThirdPersonMap/E/B0/PXEBCC9B1F5URYEZMZENVK
 |- Actor Path: /Game/ThirdPerson/Maps/ThirdPersonMap.ThirdPersonMap:PersistentLevel.LandscapeStreamingProxy_4MGFAMPQINMITSKLCKSZ2N9UU_60_1_0_0
 |- Actor Package: /Game/__ExternalActors__/ThirdPerson/Maps/ThirdPersonMap/D/VT/XULXHL4N612F3DS86Z1Y4T
 |- Actor Path: /Game/ThirdPerson/Maps/ThirdPersonMap.ThirdPersonMap:PersistentLevel.LandscapeStreamingProxy_4MGFAMPQINMITSKLCKSZ2N9UU_60_1_1_0
 |- Actor Package: /Game/__ExternalActors__/ThirdPerson/Maps/ThirdPersonMap/8/Z3/K7473XHPARZZEE8M6C0Z6C
 |- Actor Path: /Game/ThirdPerson/Maps/ThirdPersonMap.ThirdPersonMap:PersistentLevel.LandscapeStreamingProxy_4MGFAMPQINMITSKLCKSZ2N9UU_60_1_2_0
 |- Actor Package: /Game/__ExternalActors__/ThirdPerson/Maps/ThirdPersonMap/B/LG/I0H5XCNYSTFPU4N4DTX033
 |- Actor Path: /Game/ThirdPerson/Maps/ThirdPersonMap.ThirdPersonMap:PersistentLevel.LandscapeStreamingProxy_4MGFAMPQINMITSKLCKSZ2N9UU_60_1_3_0
 |- Actor Package: /Game/__ExternalActors__/ThirdPerson/Maps/ThirdPersonMap/3/MA/1ZCF0DKCP8FX3I0YRALY6R
 |- Actor Path: /Game/ThirdPerson/Maps/ThirdPersonMap.ThirdPersonMap:PersistentLevel.LandscapeStreamingProxy_4MGFAMPQINMITSKLCKSZ2N9UU_60_2_0_0
 |- Actor Package: /Game/__ExternalActors__/ThirdPerson/Maps/ThirdPersonMap/A/TA/PTIZ2TH0A9S5I57MZOMYOT
 |- Actor Path: /Game/ThirdPerson/Maps/ThirdPersonMap.ThirdPersonMap:PersistentLevel.LandscapeStreamingProxy_4MGFAMPQINMITSKLCKSZ2N9UU_60_2_1_0
 |- Actor Package: /Game/__ExternalActors__/ThirdPerson/Maps/ThirdPersonMap/6/LF/XO0Y7GQWOJ029R9MHEU0VZ
 |- Actor Path: /Game/ThirdPerson/Maps/ThirdPersonMap.ThirdPersonMap:PersistentLevel.LandscapeStreamingProxy_4MGFAMPQINMITSKLCKSZ2N9UU_60_2_2_0
 |- Actor Package: /Game/__ExternalActors__/ThirdPerson/Maps/ThirdPersonMap/7/0J/6GIWSE1LQDUNO668Z5TFCX
 |- Actor Path: /Game/ThirdPerson/Maps/ThirdPersonMap.ThirdPersonMap:PersistentLevel.LandscapeStreamingProxy_4MGFAMPQINMITSKLCKSZ2N9UU_60_2_3_0
 |- Actor Package: /Game/__ExternalActors__/ThirdPerson/Maps/ThirdPersonMap/9/RT/ASPJP9NAKR4PT0VPIED55Q
 |- Actor Path: /Game/ThirdPerson/Maps/ThirdPersonMap.ThirdPersonMap:PersistentLevel.LandscapeStreamingProxy_4MGFAMPQINMITSKLCKSZ2N9UU_60_3_0_0
 |- Actor Package: /Game/__ExternalActors__/ThirdPerson/Maps/ThirdPersonMap/A/EW/0XR5GGJNEQ25GDSZLIASUQ
 |- Actor Path: /Game/ThirdPerson/Maps/ThirdPersonMap.ThirdPersonMap:PersistentLevel.LandscapeStreamingProxy_4MGFAMPQINMITSKLCKSZ2N9UU_60_3_1_0
 |- Actor Package: /Game/__ExternalActors__/ThirdPerson/Maps/ThirdPersonMap/5/YZ/FSQZJ773GJUMB8GTO0NEOV
 |- Actor Path: /Game/ThirdPerson/Maps/ThirdPersonMap.ThirdPersonMap:PersistentLevel.LandscapeStreamingProxy_4MGFAMPQINMITSKLCKSZ2N9UU_60_3_2_0
 |- Actor Package: /Game/__ExternalActors__/ThirdPerson/Maps/ThirdPersonMap/4/PN/YW9HZIIEF2B7TVGKUSSTC0
 |- Actor Path: /Game/ThirdPerson/Maps/ThirdPersonMap.ThirdPersonMap:PersistentLevel.LandscapeStreamingProxy_4MGFAMPQINMITSKLCKSZ2N9UU_60_3_3_0
 |- Actor Package: /Game/__ExternalActors__/ThirdPerson/Maps/ThirdPersonMap/D/VG/M4I1V11Z31QZY3QWIS8545
 |- Actor Path: /Game/ThirdPerson/Maps/ThirdPersonMap.ThirdPersonMap:PersistentLevel.PlayerStart_0
 |- Actor Package: /Game/__ExternalActors__/ThirdPerson/Maps/ThirdPersonMap/D/DE/SWSI13675DVYIZ0N4NF7Y3
 |- Actor Path: /Game/ThirdPerson/Maps/ThirdPersonMap.ThirdPersonMap:PersistentLevel.PostProcessVolume_0
 |- Actor Package: /Game/__ExternalActors__/ThirdPerson/Maps/ThirdPersonMap/1/AZ/A7GPT109Y6ZTTJD4A7TXER
 |- Actor Path: /Game/ThirdPerson/Maps/ThirdPersonMap.ThirdPersonMap:PersistentLevel.SkyAtmosphere_0
 |- Actor Package: /Game/__ExternalActors__/ThirdPerson/Maps/ThirdPersonMap/4/LN/30UBDLYFFA5ZR7U4W4L4GG
 |- Actor Path: /Game/ThirdPerson/Maps/ThirdPersonMap.ThirdPersonMap:PersistentLevel.SkyLight_1
 |- Actor Package: /Game/__ExternalActors__/ThirdPerson/Maps/ThirdPersonMap/8/S1/DXUWD12MD3HRWVVXX076BY
 |- Actor Path: /Game/ThirdPerson/Maps/ThirdPersonMap.ThirdPersonMap:PersistentLevel.StaticMeshActor_UAID_A4AE111137DC5EFB00_1110535423
 |- Actor Package: /Game/__ExternalActors__/ThirdPerson/Maps/ThirdPersonMap/4/PN/2QISIGK5DJNQ05US8O8FXW
 |- Actor Path: /Game/ThirdPerson/Maps/ThirdPersonMap.ThirdPersonMap:PersistentLevel.VolumetricCloud_0
 |- Actor Package: /Game/__ExternalActors__/ThirdPerson/Maps/ThirdPersonMap/3/EY/87SHEJN5UBEAN2K5OV1G6R
 |- Actor Path: /Game/ThirdPerson/Maps/ThirdPersonMap.ThirdPersonMap:PersistentLevel.WorldDataLayers
 |- Actor Package: /Game/__ExternalActors__/ThirdPerson/Maps/ThirdPersonMap/0/43/HYQWORMY4JDQ5X3OKZXFLC

----------------------------------------------------------------------------------------------------------------
ThirdPersonMap - Runtime Hash Set
----------------------------------------------------------------------------------------------------------------

